<?xml version="1.0" encoding="UTF-8"?>
<!-- Generated by org.testng.reporters.JUnitReportReporter -->
<testsuite hostname="DESKTOP-55PUCGI" failures="0" tests="3" name="runner.TestRunner" time="41.389" errors="0" timestamp="2026-03-16T13:48:16 IST" skipped="0">
  <testcase classname="runner.TestRunner" name="runScenario" time="6.810"/>
  <testcase classname="runner.TestRunner" name="runScenario" time="25.528"/>
  <testcase classname="runner.TestRunner" name="runScenario" time="9.051"/>
</testsuite> <!-- runner.TestRunner -->
