<?xml version="1.0" encoding="UTF-8"?>
<!-- Generated by org.testng.reporters.JUnitReportReporter -->
<testsuite hostname="DESKTOP-55PUCGI" failures="0" tests="3" name="runner.TestRunner" time="31.684" errors="0" timestamp="2026-03-07T10:15:34 IST" skipped="0">
  <testcase classname="runner.TestRunner" name="runScenario" time="10.467"/>
  <testcase classname="runner.TestRunner" name="runScenario" time="13.057"/>
  <testcase classname="runner.TestRunner" name="runScenario" time="8.160"/>
</testsuite> <!-- runner.TestRunner -->
